<?xml version="1.0" encoding="UTF-8"?>
<!-- Generated by org.testng.reporters.JUnitReportReporter -->
<testsuite skipped="0" hostname="WKS35682" name="TestCases.StartPage_Search" tests="2" failures="0" timestamp="25 nov 2019 16:17:42 GMT" time="22.929" errors="0">
  <testcase name="Search_add" time="22.227" classname="TestCases.StartPage_Search"/>
  <testcase name="browserCloser" time="0.702" classname="TestCases.StartPage_Search"/>
</testsuite> <!-- TestCases.StartPage_Search -->
