<?xml version="1.0" encoding="UTF-8"?>
<!-- Generated by org.testng.reporters.JUnitReportReporter -->
<testsuite skipped="0" hostname="WKS35682" name="TestCases.AndroidAppDownloadLink" tests="1" failures="0" timestamp="22 nov 2019 13:30:09 GMT" time="12.278" errors="0">
  <testcase name="ClickappLink" time="12.278" classname="TestCases.AndroidAppDownloadLink"/>
</testsuite> <!-- TestCases.AndroidAppDownloadLink -->
