<?xml version="1.0" encoding="UTF-8"?>
<!-- Generated by org.testng.reporters.JUnitReportReporter -->
<testsuite skipped="0" hostname="WKS35682" name="TestCases.MyAccount_EditDetails" tests="2" failures="0" timestamp="25 nov 2019 16:17:42 GMT" time="31.902" errors="0">
  <testcase name="NewAccCreation" time="31.231" classname="TestCases.MyAccount_EditDetails"/>
  <testcase name="browserCloser" time="0.671" classname="TestCases.MyAccount_EditDetails"/>
</testsuite> <!-- TestCases.MyAccount_EditDetails -->
