<?xml version="1.0" encoding="UTF-8"?>
<!-- Generated by org.testng.reporters.JUnitReportReporter -->
<testsuite skipped="0" hostname="WKS35682" name="TestCases.DepartmentPage_Navigation" tests="2" failures="0" timestamp="25 nov 2019 16:17:42 GMT" time="19.559" errors="0">
  <testcase name="departmentNavigation" time="19.559" classname="TestCases.DepartmentPage_Navigation"/>
  <testcase name="browserCloser" time="0.000" classname="TestCases.DepartmentPage_Navigation"/>
</testsuite> <!-- TestCases.DepartmentPage_Navigation -->
