<?xml version="1.0" encoding="UTF-8"?>
<!-- Generated by org.testng.reporters.JUnitReportReporter -->
<testsuite skipped="0" hostname="WKS35682" name="TestCases.CustomerService_AndroidApplink" tests="2" failures="0" timestamp="25 nov 2019 16:17:42 GMT" time="22.716" errors="0">
  <testcase name="browserCloser" time="0.000" classname="TestCases.CustomerService_AndroidApplink"/>
  <testcase name="ClickappLink" time="22.716" classname="TestCases.CustomerService_AndroidApplink"/>
</testsuite> <!-- TestCases.CustomerService_AndroidApplink -->
