<?xml version="1.0" encoding="UTF-8"?>
<!-- Generated by org.testng.reporters.JUnitReportReporter -->
<testsuite skipped="0" hostname="WKS35682" name="TestCases.Favorites_adding" tests="1" failures="0" timestamp="25 nov 2019 16:17:42 GMT" time="33.301" errors="0">
  <testcase name="AddingFav" time="33.301" classname="TestCases.Favorites_adding"/>
</testsuite> <!-- TestCases.Favorites_adding -->
