<?xml version="1.0" encoding="UTF-8"?>
<!-- Generated by org.testng.reporters.JUnitReportReporter -->
<testsuite skipped="0" hostname="WKS35682" name="TestCases.Shoppingbag_Login" tests="2" failures="0" timestamp="25 nov 2019 16:17:42 GMT" time="31.886" errors="0">
  <testcase name="EmptySBLogin" time="31.199" classname="TestCases.Shoppingbag_Login"/>
  <testcase name="browserCloser" time="0.687" classname="TestCases.Shoppingbag_Login"/>
</testsuite> <!-- TestCases.Shoppingbag_Login -->
