<?xml version="1.0" encoding="UTF-8"?>
<!-- Generated by org.testng.reporters.JUnitReportReporter -->
<testsuite skipped="0" hostname="WKS35682" name="TestCases.StartPage_Logout" tests="2" failures="0" timestamp="25 nov 2019 16:17:42 GMT" time="15.824" errors="0">
  <testcase name="logoutTest" time="15.094" classname="TestCases.StartPage_Logout"/>
  <testcase name="browserCloser" time="0.730" classname="TestCases.StartPage_Logout"/>
</testsuite> <!-- TestCases.StartPage_Logout -->
