<?xml version="1.0" encoding="UTF-8"?>
<!-- Generated by org.testng.reporters.JUnitReportReporter -->
<testsuite skipped="0" hostname="WKS35682" name="TestCases.Shoppingbag_AddProducts" tests="1" failures="0" timestamp="25 nov 2019 16:17:42 GMT" time="22.685" errors="0">
  <testcase name="AddingProductsFromSeach" time="22.685" classname="TestCases.Shoppingbag_AddProducts"/>
</testsuite> <!-- TestCases.Shoppingbag_AddProducts -->
