<?xml version="1.0" encoding="UTF-8"?>
<!-- Generated by org.testng.reporters.JUnitReportReporter -->
<testsuite skipped="0" hostname="WKS35682" name="TestCases.StartPage_Login" tests="1" failures="0" timestamp="25 nov 2019 16:17:42 GMT" time="26.128" errors="0">
  <testcase name="loginTest" time="26.128" classname="TestCases.StartPage_Login"/>
</testsuite> <!-- TestCases.StartPage_Login -->
